2023-03-10 18:07:42.080  INFO 28552 --- [main] c.u.m.Sdi2223Entrega153Application       : Starting Sdi2223Entrega153Application using Java 17.0.6 on fedora with PID 28552 (/home/gitblanc/Documents/3rd_Grade/sdi2223-entrega1-53/target/classes started by gitblanc in /home/gitblanc/Documents/3rd_Grade/sdi2223-entrega1-53)
2023-03-10 18:07:42.082  INFO 28552 --- [main] c.u.m.Sdi2223Entrega153Application       : No active profile set, falling back to 1 default profile: "default"
2023-03-10 18:07:42.672  INFO 28552 --- [main] .s.d.r.c.RepositoryConfigurationDelegate : Bootstrapping Spring Data JPA repositories in DEFAULT mode.
2023-03-10 18:07:42.712  INFO 28552 --- [main] .s.d.r.c.RepositoryConfigurationDelegate : Finished Spring Data repository scanning in 34 ms. Found 4 JPA repository interfaces.
2023-03-10 18:07:43.217  INFO 28552 --- [main] o.s.b.w.embedded.tomcat.TomcatWebServer  : Tomcat initialized with port(s): 8090 (http)
2023-03-10 18:07:43.226  INFO 28552 --- [main] o.apache.catalina.core.StandardService   : Starting service [Tomcat]
2023-03-10 18:07:43.226  INFO 28552 --- [main] org.apache.catalina.core.StandardEngine  : Starting Servlet engine: [Apache Tomcat/9.0.71]
2023-03-10 18:07:43.298  INFO 28552 --- [main] o.a.c.c.C.[Tomcat].[localhost].[/]       : Initializing Spring embedded WebApplicationContext
2023-03-10 18:07:43.299  INFO 28552 --- [main] w.s.c.ServletWebServerApplicationContext : Root WebApplicationContext: initialization completed in 1162 ms
2023-03-10 18:07:43.441  INFO 28552 --- [main] o.hibernate.jpa.internal.util.LogHelper  : HHH000204: Processing PersistenceUnitInfo [name: default]
2023-03-10 18:07:43.483  INFO 28552 --- [main] org.hibernate.Version                    : HHH000412: Hibernate ORM core version 5.6.14.Final
2023-03-10 18:07:43.588  INFO 28552 --- [main] o.hibernate.annotations.common.Version   : HCANN000001: Hibernate Commons Annotations {5.1.2.Final}
2023-03-10 18:07:43.654  INFO 28552 --- [main] com.zaxxer.hikari.HikariDataSource       : HikariPool-1 - Starting...
2023-03-10 18:07:43.658  WARN 28552 --- [main] com.zaxxer.hikari.util.DriverDataSource  : Registered driver with driverClassName=org.hsqldb.jdbcDriver was not found, trying direct instantiation.
2023-03-10 18:07:43.798  INFO 28552 --- [main] com.zaxxer.hikari.pool.PoolBase          : HikariPool-1 - Driver does not support get/set network timeout for connections. (feature not supported)
2023-03-10 18:07:43.805  INFO 28552 --- [main] com.zaxxer.hikari.HikariDataSource       : HikariPool-1 - Start completed.
2023-03-10 18:07:43.826  INFO 28552 --- [main] org.hibernate.dialect.Dialect            : HHH000400: Using dialect: org.hibernate.dialect.HSQLDialect
2023-03-10 18:07:44.315  INFO 28552 --- [main] o.h.e.t.j.p.i.JtaPlatformInitiator       : HHH000490: Using JtaPlatform implementation: [org.hibernate.engine.transaction.jta.platform.internal.NoJtaPlatform]
2023-03-10 18:07:44.322  INFO 28552 --- [main] j.LocalContainerEntityManagerFactoryBean : Initialized JPA EntityManagerFactory for persistence unit 'default'
2023-03-10 18:07:44.358  WARN 28552 --- [main] JpaBaseConfiguration$JpaWebConfiguration : spring.jpa.open-in-view is enabled by default. Therefore, database queries may be performed during view rendering. Explicitly configure spring.jpa.open-in-view to disable this warning
2023-03-10 18:07:45.362  INFO 28552 --- [main] o.s.s.web.DefaultSecurityFilterChain     : Will secure any request with [org.springframework.security.web.session.DisableEncodeUrlFilter@30adae45, org.springframework.security.web.context.request.async.WebAsyncManagerIntegrationFilter@792eeae6, org.springframework.security.web.context.SecurityContextPersistenceFilter@69ed96e1, org.springframework.security.web.header.HeaderWriterFilter@a44ad33, org.springframework.security.web.authentication.logout.LogoutFilter@58e7f930, org.springframework.security.web.authentication.UsernamePasswordAuthenticationFilter@6d035815, org.springframework.security.web.savedrequest.RequestCacheAwareFilter@3ac326c0, org.springframework.security.web.servletapi.SecurityContextHolderAwareRequestFilter@9f52eb7, org.springframework.security.web.authentication.AnonymousAuthenticationFilter@66e62fc4, org.springframework.security.web.session.SessionManagementFilter@627d5f99, org.springframework.security.web.access.ExceptionTranslationFilter@b63365c, org.springframework.security.web.access.intercept.FilterSecurityInterceptor@177302d6]
2023-03-10 18:07:45.468  INFO 28552 --- [main] o.s.b.a.w.s.WelcomePageHandlerMapping    : Adding welcome page template: index
2023-03-10 18:07:45.631  INFO 28552 --- [main] o.s.b.w.embedded.tomcat.TomcatWebServer  : Tomcat started on port(s): 8090 (http) with context path ''
2023-03-10 18:07:45.640  INFO 28552 --- [main] c.u.m.Sdi2223Entrega153Application       : Started Sdi2223Entrega153Application in 3.932 seconds (JVM running for 4.481)
2023-03-10 18:07:56.947  INFO 28552 --- [http-nio-8090-exec-1] o.a.c.c.C.[Tomcat].[localhost].[/]       : Initializing Spring DispatcherServlet 'dispatcherServlet'
2023-03-10 18:07:56.948  INFO 28552 --- [http-nio-8090-exec-1] o.s.web.servlet.DispatcherServlet        : Initializing Servlet 'dispatcherServlet'
2023-03-10 18:07:56.949  INFO 28552 --- [http-nio-8090-exec-1] o.s.web.servlet.DispatcherServlet        : Completed initialization in 1 ms
2023-03-10 18:07:59.822  INFO 28552 --- [http-nio-8090-exec-9] c.u.m.controllers.UsersController        : Acceso a la vista /home del usuario con id 1
2023-03-10 18:08:01.537  INFO 28552 --- [http-nio-8090-exec-6] c.u.m.controllers.UsersController        : Acceso a la vista /home del usuario con id 1
2023-03-10 18:08:02.806  INFO 28552 --- [http-nio-8090-exec-3] c.u.m.controllers.UsersController        : Acceso a la vista /home del usuario con id 1
2023-03-10 18:08:03.875  INFO 28552 --- [http-nio-8090-exec-2] c.u.m.controllers.UsersController        : Acceso a la vista /home del usuario con id 1
2023-03-10 18:08:04.812  INFO 28552 --- [http-nio-8090-exec-9] c.u.m.controllers.UsersController        : Acceso a la vista /home del usuario con id 1
2023-03-10 18:08:05.590  INFO 28552 --- [http-nio-8090-exec-5] c.u.m.controllers.UsersController        : Acceso a la vista /home del usuario con id 1
2023-03-10 18:08:06.289  INFO 28552 --- [http-nio-8090-exec-4] c.u.m.controllers.UsersController        : Acceso a la vista /home del usuario con id 1
2023-03-10 18:08:07.149  INFO 28552 --- [http-nio-8090-exec-8] c.u.m.controllers.UsersController        : Acceso a la vista /home del usuario con id 1
2023-03-10 18:08:07.737  INFO 28552 --- [http-nio-8090-exec-6] c.u.m.controllers.UsersController        : Acceso a la vista /home del usuario con id 1
2023-03-10 18:08:08.458  INFO 28552 --- [http-nio-8090-exec-3] c.u.m.controllers.UsersController        : Acceso a la vista /home del usuario con id 1
2023-03-10 18:08:10.673  INFO 28552 --- [http-nio-8090-exec-10] c.u.m.controllers.UsersController        : Usuario con id 5 ha sido borrado
2023-03-10 18:08:10.717  INFO 28552 --- [http-nio-8090-exec-8] c.u.m.controllers.UsersController        : Acceso a la vista /home del usuario con id 1
2023-03-10 18:08:36.041  INFO 28552 --- [http-nio-8090-exec-4] c.u.m.controllers.UsersController        : Acceso a la vista /home del usuario con id 1
2023-03-10 18:10:51.253  INFO 28552 --- [http-nio-8090-exec-7] c.u.m.controllers.UsersController        : Acceso a la vista /home del usuario con id 1
2023-03-10 18:11:03.351  INFO 28552 --- [http-nio-8090-exec-6] c.u.m.controllers.UsersController        : Acceso a la vista /home del usuario con id 1
2023-03-10 18:15:26.730  INFO 28552 --- [SpringApplicationShutdownHook] j.LocalContainerEntityManagerFactoryBean : Closing JPA EntityManagerFactory for persistence unit 'default'
2023-03-10 18:15:26.731  INFO 28552 --- [SpringApplicationShutdownHook] com.zaxxer.hikari.HikariDataSource       : HikariPool-1 - Shutdown initiated...
2023-03-10 18:15:26.733  INFO 28552 --- [SpringApplicationShutdownHook] com.zaxxer.hikari.HikariDataSource       : HikariPool-1 - Shutdown completed.
2023-03-10 18:15:29.496  INFO 30724 --- [main] c.u.m.Sdi2223Entrega153Application       : Starting Sdi2223Entrega153Application using Java 17.0.6 on fedora with PID 30724 (/home/gitblanc/Documents/3rd_Grade/sdi2223-entrega1-53/target/classes started by gitblanc in /home/gitblanc/Documents/3rd_Grade/sdi2223-entrega1-53)
2023-03-10 18:15:29.499  INFO 30724 --- [main] c.u.m.Sdi2223Entrega153Application       : No active profile set, falling back to 1 default profile: "default"
2023-03-10 18:15:30.175  INFO 30724 --- [main] .s.d.r.c.RepositoryConfigurationDelegate : Bootstrapping Spring Data JPA repositories in DEFAULT mode.
2023-03-10 18:15:30.222  INFO 30724 --- [main] .s.d.r.c.RepositoryConfigurationDelegate : Finished Spring Data repository scanning in 39 ms. Found 4 JPA repository interfaces.
2023-03-10 18:15:30.726  INFO 30724 --- [main] o.s.b.w.embedded.tomcat.TomcatWebServer  : Tomcat initialized with port(s): 8090 (http)
2023-03-10 18:15:30.734  INFO 30724 --- [main] o.apache.catalina.core.StandardService   : Starting service [Tomcat]
2023-03-10 18:15:30.735  INFO 30724 --- [main] org.apache.catalina.core.StandardEngine  : Starting Servlet engine: [Apache Tomcat/9.0.71]
2023-03-10 18:15:30.810  INFO 30724 --- [main] o.a.c.c.C.[Tomcat].[localhost].[/]       : Initializing Spring embedded WebApplicationContext
2023-03-10 18:15:30.811  INFO 30724 --- [main] w.s.c.ServletWebServerApplicationContext : Root WebApplicationContext: initialization completed in 1250 ms
2023-03-10 18:15:30.956  INFO 30724 --- [main] o.hibernate.jpa.internal.util.LogHelper  : HHH000204: Processing PersistenceUnitInfo [name: default]
2023-03-10 18:15:30.995  INFO 30724 --- [main] org.hibernate.Version                    : HHH000412: Hibernate ORM core version 5.6.14.Final
2023-03-10 18:15:31.109  INFO 30724 --- [main] o.hibernate.annotations.common.Version   : HCANN000001: Hibernate Commons Annotations {5.1.2.Final}
2023-03-10 18:15:31.187  INFO 30724 --- [main] com.zaxxer.hikari.HikariDataSource       : HikariPool-1 - Starting...
2023-03-10 18:15:31.190  WARN 30724 --- [main] com.zaxxer.hikari.util.DriverDataSource  : Registered driver with driverClassName=org.hsqldb.jdbcDriver was not found, trying direct instantiation.
2023-03-10 18:15:31.327  INFO 30724 --- [main] com.zaxxer.hikari.pool.PoolBase          : HikariPool-1 - Driver does not support get/set network timeout for connections. (feature not supported)
2023-03-10 18:15:31.338  INFO 30724 --- [main] com.zaxxer.hikari.HikariDataSource       : HikariPool-1 - Start completed.
2023-03-10 18:15:31.358  INFO 30724 --- [main] org.hibernate.dialect.Dialect            : HHH000400: Using dialect: org.hibernate.dialect.HSQLDialect
2023-03-10 18:15:31.867  INFO 30724 --- [main] o.h.e.t.j.p.i.JtaPlatformInitiator       : HHH000490: Using JtaPlatform implementation: [org.hibernate.engine.transaction.jta.platform.internal.NoJtaPlatform]
2023-03-10 18:15:31.874  INFO 30724 --- [main] j.LocalContainerEntityManagerFactoryBean : Initialized JPA EntityManagerFactory for persistence unit 'default'
2023-03-10 18:15:31.913  WARN 30724 --- [main] JpaBaseConfiguration$JpaWebConfiguration : spring.jpa.open-in-view is enabled by default. Therefore, database queries may be performed during view rendering. Explicitly configure spring.jpa.open-in-view to disable this warning
2023-03-10 18:15:32.875  INFO 30724 --- [main] o.s.s.web.DefaultSecurityFilterChain     : Will secure any request with [org.springframework.security.web.session.DisableEncodeUrlFilter@4d93e5bf, org.springframework.security.web.context.request.async.WebAsyncManagerIntegrationFilter@1c36ab22, org.springframework.security.web.context.SecurityContextPersistenceFilter@5667dd90, org.springframework.security.web.header.HeaderWriterFilter@3462e99a, org.springframework.security.web.authentication.logout.LogoutFilter@232b3b4c, org.springframework.security.web.authentication.UsernamePasswordAuthenticationFilter@35efd12c, org.springframework.security.web.savedrequest.RequestCacheAwareFilter@76673ed, org.springframework.security.web.servletapi.SecurityContextHolderAwareRequestFilter@9dbb1d9, org.springframework.security.web.authentication.AnonymousAuthenticationFilter@68303c3e, org.springframework.security.web.session.SessionManagementFilter@7320750c, org.springframework.security.web.access.ExceptionTranslationFilter@9f52eb7, org.springframework.security.web.access.intercept.FilterSecurityInterceptor@7e28f150]
2023-03-10 18:15:33.012  INFO 30724 --- [main] o.s.b.a.w.s.WelcomePageHandlerMapping    : Adding welcome page template: index
2023-03-10 18:15:33.227  INFO 30724 --- [main] o.s.b.w.embedded.tomcat.TomcatWebServer  : Tomcat started on port(s): 8090 (http) with context path ''
2023-03-10 18:15:33.241  INFO 30724 --- [main] c.u.m.Sdi2223Entrega153Application       : Started Sdi2223Entrega153Application in 4.25 seconds (JVM running for 4.906)
2023-03-10 18:15:41.649  INFO 30724 --- [http-nio-8090-exec-1] o.a.c.c.C.[Tomcat].[localhost].[/]       : Initializing Spring DispatcherServlet 'dispatcherServlet'
2023-03-10 18:15:41.649  INFO 30724 --- [http-nio-8090-exec-1] o.s.web.servlet.DispatcherServlet        : Initializing Servlet 'dispatcherServlet'
2023-03-10 18:15:41.650  INFO 30724 --- [http-nio-8090-exec-1] o.s.web.servlet.DispatcherServlet        : Completed initialization in 1 ms
2023-03-10 18:16:30.215  INFO 30724 --- [SpringApplicationShutdownHook] j.LocalContainerEntityManagerFactoryBean : Closing JPA EntityManagerFactory for persistence unit 'default'
2023-03-10 18:16:30.216  INFO 30724 --- [SpringApplicationShutdownHook] com.zaxxer.hikari.HikariDataSource       : HikariPool-1 - Shutdown initiated...
2023-03-10 18:16:30.219  INFO 30724 --- [SpringApplicationShutdownHook] com.zaxxer.hikari.HikariDataSource       : HikariPool-1 - Shutdown completed.
2023-03-10 18:17:27.241  INFO 31474 --- [main] c.u.m.Sdi2223Entrega153Application       : Starting Sdi2223Entrega153Application using Java 17.0.6 on fedora with PID 31474 (/home/gitblanc/Documents/3rd_Grade/sdi2223-entrega1-53/target/classes started by gitblanc in /home/gitblanc/Documents/3rd_Grade/sdi2223-entrega1-53)
2023-03-10 18:17:27.243  INFO 31474 --- [main] c.u.m.Sdi2223Entrega153Application       : No active profile set, falling back to 1 default profile: "default"
2023-03-10 18:17:27.783  INFO 31474 --- [main] .s.d.r.c.RepositoryConfigurationDelegate : Bootstrapping Spring Data JPA repositories in DEFAULT mode.
2023-03-10 18:17:27.822  INFO 31474 --- [main] .s.d.r.c.RepositoryConfigurationDelegate : Finished Spring Data repository scanning in 32 ms. Found 4 JPA repository interfaces.
2023-03-10 18:17:28.210  INFO 31474 --- [main] o.s.b.w.embedded.tomcat.TomcatWebServer  : Tomcat initialized with port(s): 8090 (http)
2023-03-10 18:17:28.218  INFO 31474 --- [main] o.apache.catalina.core.StandardService   : Starting service [Tomcat]
2023-03-10 18:17:28.219  INFO 31474 --- [main] org.apache.catalina.core.StandardEngine  : Starting Servlet engine: [Apache Tomcat/9.0.71]
2023-03-10 18:17:28.285  INFO 31474 --- [main] o.a.c.c.C.[Tomcat].[localhost].[/]       : Initializing Spring embedded WebApplicationContext
2023-03-10 18:17:28.285  INFO 31474 --- [main] w.s.c.ServletWebServerApplicationContext : Root WebApplicationContext: initialization completed in 1000 ms
2023-03-10 18:17:28.449  INFO 31474 --- [main] o.hibernate.jpa.internal.util.LogHelper  : HHH000204: Processing PersistenceUnitInfo [name: default]
2023-03-10 18:17:28.486  INFO 31474 --- [main] org.hibernate.Version                    : HHH000412: Hibernate ORM core version 5.6.14.Final
2023-03-10 18:17:28.611  INFO 31474 --- [main] o.hibernate.annotations.common.Version   : HCANN000001: Hibernate Commons Annotations {5.1.2.Final}
2023-03-10 18:17:28.687  INFO 31474 --- [main] com.zaxxer.hikari.HikariDataSource       : HikariPool-1 - Starting...
2023-03-10 18:17:28.692  WARN 31474 --- [main] com.zaxxer.hikari.util.DriverDataSource  : Registered driver with driverClassName=org.hsqldb.jdbcDriver was not found, trying direct instantiation.
2023-03-10 18:17:28.828  INFO 31474 --- [main] com.zaxxer.hikari.pool.PoolBase          : HikariPool-1 - Driver does not support get/set network timeout for connections. (feature not supported)
2023-03-10 18:17:28.836  INFO 31474 --- [main] com.zaxxer.hikari.HikariDataSource       : HikariPool-1 - Start completed.
2023-03-10 18:17:28.858  INFO 31474 --- [main] org.hibernate.dialect.Dialect            : HHH000400: Using dialect: org.hibernate.dialect.HSQLDialect
2023-03-10 18:17:29.329  INFO 31474 --- [main] o.h.e.t.j.p.i.JtaPlatformInitiator       : HHH000490: Using JtaPlatform implementation: [org.hibernate.engine.transaction.jta.platform.internal.NoJtaPlatform]
2023-03-10 18:17:29.336  INFO 31474 --- [main] j.LocalContainerEntityManagerFactoryBean : Initialized JPA EntityManagerFactory for persistence unit 'default'
2023-03-10 18:17:29.368  WARN 31474 --- [main] JpaBaseConfiguration$JpaWebConfiguration : spring.jpa.open-in-view is enabled by default. Therefore, database queries may be performed during view rendering. Explicitly configure spring.jpa.open-in-view to disable this warning
2023-03-10 18:17:30.344  INFO 31474 --- [main] o.s.s.web.DefaultSecurityFilterChain     : Will secure any request with [org.springframework.security.web.session.DisableEncodeUrlFilter@3bf4644c, org.springframework.security.web.context.request.async.WebAsyncManagerIntegrationFilter@30adae45, org.springframework.security.web.context.SecurityContextPersistenceFilter@6be1f37f, org.springframework.security.web.header.HeaderWriterFilter@6839d03b, org.springframework.security.web.authentication.logout.LogoutFilter@1bb0fa38, org.springframework.security.web.authentication.UsernamePasswordAuthenticationFilter@5ac53209, org.springframework.security.web.savedrequest.RequestCacheAwareFilter@61648dd2, org.springframework.security.web.servletapi.SecurityContextHolderAwareRequestFilter@3d1b43d8, org.springframework.security.web.authentication.AnonymousAuthenticationFilter@792eeae6, org.springframework.security.web.session.SessionManagementFilter@703e5614, org.springframework.security.web.access.ExceptionTranslationFilter@58945295, org.springframework.security.web.access.intercept.FilterSecurityInterceptor@39a9becc]
2023-03-10 18:17:30.444  INFO 31474 --- [main] o.s.b.a.w.s.WelcomePageHandlerMapping    : Adding welcome page template: index
2023-03-10 18:17:30.599  INFO 31474 --- [main] o.s.b.w.embedded.tomcat.TomcatWebServer  : Tomcat started on port(s): 8090 (http) with context path ''
2023-03-10 18:17:30.608  INFO 31474 --- [main] c.u.m.Sdi2223Entrega153Application       : Started Sdi2223Entrega153Application in 3.697 seconds (JVM running for 4.165)
2023-03-10 18:17:37.761  INFO 31474 --- [http-nio-8090-exec-1] o.a.c.c.C.[Tomcat].[localhost].[/]       : Initializing Spring DispatcherServlet 'dispatcherServlet'
2023-03-10 18:17:37.761  INFO 31474 --- [http-nio-8090-exec-1] o.s.web.servlet.DispatcherServlet        : Initializing Servlet 'dispatcherServlet'
2023-03-10 18:17:37.762  INFO 31474 --- [http-nio-8090-exec-1] o.s.web.servlet.DispatcherServlet        : Completed initialization in 1 ms
2023-03-10 18:18:01.150 ERROR 31474 --- [http-nio-8090-exec-4] c.u.m.controllers.UsersController        : Error en el logeo de usuario, nombre de usuario o contraseña incorrectos
2023-03-10 18:18:08.632 ERROR 31474 --- [http-nio-8090-exec-3] c.u.m.controllers.UsersController        : Error en el logeo de usuario, nombre de usuario o contraseña incorrectos
2023-03-10 18:18:19.764  INFO 31474 --- [http-nio-8090-exec-1] c.u.m.controllers.UsersController        : Acceso a la vista /home del usuario con id 4
2023-03-10 18:18:41.443  INFO 31474 --- [http-nio-8090-exec-4] c.u.m.controllers.UsersController        : Acceso a la vista /home del usuario con id 1
2023-03-10 18:19:47.347  INFO 31474 --- [http-nio-8090-exec-4] c.u.m.controllers.UsersController        : Acceso a la vista /home del usuario con id 1
2023-03-10 18:19:49.433  INFO 31474 --- [http-nio-8090-exec-5] c.u.m.controllers.UsersController        : Acceso a la vista /home del usuario con id 1
2023-03-10 18:20:03.192  INFO 31474 --- [SpringApplicationShutdownHook] j.LocalContainerEntityManagerFactoryBean : Closing JPA EntityManagerFactory for persistence unit 'default'
2023-03-10 18:20:03.193  INFO 31474 --- [SpringApplicationShutdownHook] com.zaxxer.hikari.HikariDataSource       : HikariPool-1 - Shutdown initiated...
2023-03-10 18:20:03.195  INFO 31474 --- [SpringApplicationShutdownHook] com.zaxxer.hikari.HikariDataSource       : HikariPool-1 - Shutdown completed.
